2025-02-24T12:49:56.362+05:30  INFO 15540 --- [AddressBookApp] [main] c.a.AddressBookAppApplication            : Starting AddressBookAppApplication using Java 20.0.2 with PID 15540 (C:\Users\ASUS\Desktop\AddressBookApp\AddressBookApp\target\classes started by ASUS in C:\Users\ASUS\Desktop\AddressBookApp\AddressBookApp)
2025-02-24T12:49:56.364+05:30 DEBUG 15540 --- [AddressBookApp] [main] c.a.AddressBookAppApplication            : Running with Spring Boot v3.4.3, Spring v6.2.3
2025-02-24T12:49:56.366+05:30  INFO 15540 --- [AddressBookApp] [main] c.a.AddressBookAppApplication            : No active profile set, falling back to 1 default profile: "default"
2025-02-24T12:49:57.255+05:30  INFO 15540 --- [AddressBookApp] [main] .s.d.r.c.RepositoryConfigurationDelegate : Bootstrapping Spring Data JPA repositories in DEFAULT mode.
2025-02-24T12:49:57.327+05:30  INFO 15540 --- [AddressBookApp] [main] .s.d.r.c.RepositoryConfigurationDelegate : Finished Spring Data repository scanning in 58 ms. Found 1 JPA repository interface.
2025-02-24T12:49:58.062+05:30  INFO 15540 --- [AddressBookApp] [main] o.s.b.w.embedded.tomcat.TomcatWebServer  : Tomcat initialized with port 8080 (http)
2025-02-24T12:49:58.074+05:30  INFO 15540 --- [AddressBookApp] [main] o.apache.catalina.core.StandardService   : Starting service [Tomcat]
2025-02-24T12:49:58.074+05:30  INFO 15540 --- [AddressBookApp] [main] o.apache.catalina.core.StandardEngine    : Starting Servlet engine: [Apache Tomcat/10.1.36]
2025-02-24T12:49:58.130+05:30  INFO 15540 --- [AddressBookApp] [main] o.a.c.c.C.[Tomcat].[localhost].[/]       : Initializing Spring embedded WebApplicationContext
2025-02-24T12:49:58.131+05:30  INFO 15540 --- [AddressBookApp] [main] w.s.c.ServletWebServerApplicationContext : Root WebApplicationContext: initialization completed in 1712 ms
2025-02-24T12:49:58.337+05:30  INFO 15540 --- [AddressBookApp] [main] o.hibernate.jpa.internal.util.LogHelper  : HHH000204: Processing PersistenceUnitInfo [name: default]
2025-02-24T12:49:58.420+05:30  INFO 15540 --- [AddressBookApp] [main] org.hibernate.Version                    : HHH000412: Hibernate ORM core version 6.6.8.Final
2025-02-24T12:49:58.478+05:30  INFO 15540 --- [AddressBookApp] [main] o.h.c.internal.RegionFactoryInitiator    : HHH000026: Second-level cache disabled
2025-02-24T12:49:58.768+05:30  INFO 15540 --- [AddressBookApp] [main] o.s.o.j.p.SpringPersistenceUnitInfo      : No LoadTimeWeaver setup: ignoring JPA class transformer
2025-02-24T12:49:58.798+05:30  INFO 15540 --- [AddressBookApp] [main] com.zaxxer.hikari.HikariDataSource       : HikariPool-1 - Starting...
2025-02-24T12:49:59.027+05:30  INFO 15540 --- [AddressBookApp] [main] com.zaxxer.hikari.pool.HikariPool        : HikariPool-1 - Added connection conn0: url=jdbc:h2:file:./data/testdb user=SA
2025-02-24T12:49:59.030+05:30  INFO 15540 --- [AddressBookApp] [main] com.zaxxer.hikari.HikariDataSource       : HikariPool-1 - Start completed.
2025-02-24T12:49:59.056+05:30  WARN 15540 --- [AddressBookApp] [main] org.hibernate.orm.deprecation            : HHH90000025: H2Dialect does not need to be specified explicitly using 'hibernate.dialect' (remove the property setting and it will be selected by default)
2025-02-24T12:49:59.079+05:30  INFO 15540 --- [AddressBookApp] [main] org.hibernate.orm.connections.pooling    : HHH10001005: Database info:
	Database JDBC URL [Connecting through datasource 'HikariDataSource (HikariPool-1)']
	Database driver: undefined/unknown
	Database version: 2.3.232
	Autocommit mode: undefined/unknown
	Isolation level: undefined/unknown
	Minimum pool size: undefined/unknown
	Maximum pool size: undefined/unknown
2025-02-24T12:49:59.754+05:30  INFO 15540 --- [AddressBookApp] [main] o.h.e.t.j.p.i.JtaPlatformInitiator       : HHH000489: No JTA platform available (set 'hibernate.transaction.jta.platform' to enable JTA platform integration)
2025-02-24T12:49:59.796+05:30  INFO 15540 --- [AddressBookApp] [main] j.LocalContainerEntityManagerFactoryBean : Initialized JPA EntityManagerFactory for persistence unit 'default'
2025-02-24T12:49:59.807+05:30  WARN 15540 --- [AddressBookApp] [main] ConfigServletWebServerApplicationContext : Exception encountered during context initialization - cancelling refresh attempt: org.springframework.beans.factory.BeanCreationException: Error creating bean with name 'addressBookController' defined in file [C:\Users\ASUS\Desktop\AddressBookApp\AddressBookApp\target\classes\com\addressbookapp\controller\AddressBookController.class]: null
2025-02-24T12:49:59.808+05:30  INFO 15540 --- [AddressBookApp] [main] j.LocalContainerEntityManagerFactoryBean : Closing JPA EntityManagerFactory for persistence unit 'default'
2025-02-24T12:49:59.810+05:30  INFO 15540 --- [AddressBookApp] [main] com.zaxxer.hikari.HikariDataSource       : HikariPool-1 - Shutdown initiated...
2025-02-24T12:49:59.824+05:30  INFO 15540 --- [AddressBookApp] [main] com.zaxxer.hikari.HikariDataSource       : HikariPool-1 - Shutdown completed.
2025-02-24T12:49:59.826+05:30  INFO 15540 --- [AddressBookApp] [main] o.apache.catalina.core.StandardService   : Stopping service [Tomcat]
2025-02-24T12:49:59.838+05:30  INFO 15540 --- [AddressBookApp] [main] .s.b.a.l.ConditionEvaluationReportLogger : 

Error starting ApplicationContext. To display the condition evaluation report re-run your application with 'debug' enabled.
2025-02-24T12:49:59.858+05:30 ERROR 15540 --- [AddressBookApp] [main] o.s.boot.SpringApplication               : Application run failed

org.springframework.beans.factory.BeanCreationException: Error creating bean with name 'addressBookController' defined in file [C:\Users\ASUS\Desktop\AddressBookApp\AddressBookApp\target\classes\com\addressbookapp\controller\AddressBookController.class]: null
	at org.springframework.beans.factory.support.AbstractAutowireCapableBeanFactory.instantiateBean(AbstractAutowireCapableBeanFactory.java:1343) ~[spring-beans-6.2.3.jar:6.2.3]
	at org.springframework.beans.factory.support.AbstractAutowireCapableBeanFactory.createBeanInstance(AbstractAutowireCapableBeanFactory.java:1228) ~[spring-beans-6.2.3.jar:6.2.3]
	at org.springframework.beans.factory.support.AbstractAutowireCapableBeanFactory.doCreateBean(AbstractAutowireCapableBeanFactory.java:563) ~[spring-beans-6.2.3.jar:6.2.3]
	at org.springframework.beans.factory.support.AbstractAutowireCapableBeanFactory.createBean(AbstractAutowireCapableBeanFactory.java:523) ~[spring-beans-6.2.3.jar:6.2.3]
	at org.springframework.beans.factory.support.AbstractBeanFactory.lambda$doGetBean$0(AbstractBeanFactory.java:339) ~[spring-beans-6.2.3.jar:6.2.3]
	at org.springframework.beans.factory.support.DefaultSingletonBeanRegistry.getSingleton(DefaultSingletonBeanRegistry.java:346) ~[spring-beans-6.2.3.jar:6.2.3]
	at org.springframework.beans.factory.support.AbstractBeanFactory.doGetBean(AbstractBeanFactory.java:337) ~[spring-beans-6.2.3.jar:6.2.3]
	at org.springframework.beans.factory.support.AbstractBeanFactory.getBean(AbstractBeanFactory.java:202) ~[spring-beans-6.2.3.jar:6.2.3]
	at org.springframework.beans.factory.support.DefaultListableBeanFactory.instantiateSingleton(DefaultListableBeanFactory.java:1155) ~[spring-beans-6.2.3.jar:6.2.3]
	at org.springframework.beans.factory.support.DefaultListableBeanFactory.preInstantiateSingleton(DefaultListableBeanFactory.java:1121) ~[spring-beans-6.2.3.jar:6.2.3]
	at org.springframework.beans.factory.support.DefaultListableBeanFactory.preInstantiateSingletons(DefaultListableBeanFactory.java:1056) ~[spring-beans-6.2.3.jar:6.2.3]
	at org.springframework.context.support.AbstractApplicationContext.finishBeanFactoryInitialization(AbstractApplicationContext.java:987) ~[spring-context-6.2.3.jar:6.2.3]
	at org.springframework.context.support.AbstractApplicationContext.refresh(AbstractApplicationContext.java:627) ~[spring-context-6.2.3.jar:6.2.3]
	at org.springframework.boot.web.servlet.context.ServletWebServerApplicationContext.refresh(ServletWebServerApplicationContext.java:146) ~[spring-boot-3.4.3.jar:3.4.3]
	at org.springframework.boot.SpringApplication.refresh(SpringApplication.java:752) ~[spring-boot-3.4.3.jar:3.4.3]
	at org.springframework.boot.SpringApplication.refreshContext(SpringApplication.java:439) ~[spring-boot-3.4.3.jar:3.4.3]
	at org.springframework.boot.SpringApplication.run(SpringApplication.java:318) ~[spring-boot-3.4.3.jar:3.4.3]
	at org.springframework.boot.SpringApplication.run(SpringApplication.java:1361) ~[spring-boot-3.4.3.jar:3.4.3]
	at org.springframework.boot.SpringApplication.run(SpringApplication.java:1350) ~[spring-boot-3.4.3.jar:3.4.3]
	at com.addressbookapp.AddressBookAppApplication.main(AddressBookAppApplication.java:10) ~[classes/:na]
Caused by: java.lang.ExceptionInInitializerError: null
	at java.base/jdk.internal.misc.Unsafe.ensureClassInitialized0(Native Method) ~[na:na]
	at java.base/jdk.internal.misc.Unsafe.ensureClassInitialized(Unsafe.java:1160) ~[na:na]
	at java.base/jdk.internal.reflect.MethodHandleAccessorFactory.ensureClassInitialized(MethodHandleAccessorFactory.java:300) ~[na:na]
	at java.base/jdk.internal.reflect.MethodHandleAccessorFactory.newConstructorAccessor(MethodHandleAccessorFactory.java:103) ~[na:na]
	at java.base/jdk.internal.reflect.ReflectionFactory.newConstructorAccessor(ReflectionFactory.java:200) ~[na:na]
	at java.base/java.lang.reflect.Constructor.acquireConstructorAccessor(Constructor.java:547) ~[na:na]
	at java.base/java.lang.reflect.Constructor.newInstanceWithCaller(Constructor.java:497) ~[na:na]
	at java.base/java.lang.reflect.Constructor.newInstance(Constructor.java:484) ~[na:na]
	at org.springframework.beans.BeanUtils.instantiateClass(BeanUtils.java:196) ~[spring-beans-6.2.3.jar:6.2.3]
	at org.springframework.beans.factory.support.SimpleInstantiationStrategy.instantiate(SimpleInstantiationStrategy.java:122) ~[spring-beans-6.2.3.jar:6.2.3]
	at org.springframework.beans.factory.support.AbstractAutowireCapableBeanFactory.instantiateBean(AbstractAutowireCapableBeanFactory.java:1337) ~[spring-beans-6.2.3.jar:6.2.3]
	... 19 common frames omitted
Caused by: java.lang.ClassCastException: class ch.qos.logback.classic.Logger cannot be cast to class java.util.logging.Logger (ch.qos.logback.classic.Logger is in unnamed module of loader 'app'; java.util.logging.Logger is in module java.logging of loader 'bootstrap')
	at com.addressbookapp.controller.AddressBookController.<clinit>(AddressBookController.java:16) ~[classes/:na]
	... 30 common frames omitted

2025-02-24T12:51:17.038+05:30  INFO 19556 --- [AddressBookApp] [main] c.a.AddressBookAppApplication            : Starting AddressBookAppApplication using Java 20.0.2 with PID 19556 (C:\Users\ASUS\Desktop\AddressBookApp\AddressBookApp\target\classes started by ASUS in C:\Users\ASUS\Desktop\AddressBookApp\AddressBookApp)
2025-02-24T12:51:17.042+05:30 DEBUG 19556 --- [AddressBookApp] [main] c.a.AddressBookAppApplication            : Running with Spring Boot v3.4.3, Spring v6.2.3
2025-02-24T12:51:17.044+05:30  INFO 19556 --- [AddressBookApp] [main] c.a.AddressBookAppApplication            : No active profile set, falling back to 1 default profile: "default"
2025-02-24T12:51:17.774+05:30  INFO 19556 --- [AddressBookApp] [main] .s.d.r.c.RepositoryConfigurationDelegate : Bootstrapping Spring Data JPA repositories in DEFAULT mode.
2025-02-24T12:51:17.843+05:30  INFO 19556 --- [AddressBookApp] [main] .s.d.r.c.RepositoryConfigurationDelegate : Finished Spring Data repository scanning in 59 ms. Found 1 JPA repository interface.
2025-02-24T12:51:18.448+05:30  INFO 19556 --- [AddressBookApp] [main] o.s.b.w.embedded.tomcat.TomcatWebServer  : Tomcat initialized with port 8080 (http)
2025-02-24T12:51:18.460+05:30  INFO 19556 --- [AddressBookApp] [main] o.apache.catalina.core.StandardService   : Starting service [Tomcat]
2025-02-24T12:51:18.460+05:30  INFO 19556 --- [AddressBookApp] [main] o.apache.catalina.core.StandardEngine    : Starting Servlet engine: [Apache Tomcat/10.1.36]
2025-02-24T12:51:18.516+05:30  INFO 19556 --- [AddressBookApp] [main] o.a.c.c.C.[Tomcat].[localhost].[/]       : Initializing Spring embedded WebApplicationContext
2025-02-24T12:51:18.516+05:30  INFO 19556 --- [AddressBookApp] [main] w.s.c.ServletWebServerApplicationContext : Root WebApplicationContext: initialization completed in 1412 ms
2025-02-24T12:51:18.706+05:30  INFO 19556 --- [AddressBookApp] [main] o.hibernate.jpa.internal.util.LogHelper  : HHH000204: Processing PersistenceUnitInfo [name: default]
2025-02-24T12:51:18.764+05:30  INFO 19556 --- [AddressBookApp] [main] org.hibernate.Version                    : HHH000412: Hibernate ORM core version 6.6.8.Final
2025-02-24T12:51:18.804+05:30  INFO 19556 --- [AddressBookApp] [main] o.h.c.internal.RegionFactoryInitiator    : HHH000026: Second-level cache disabled
2025-02-24T12:51:19.109+05:30  INFO 19556 --- [AddressBookApp] [main] o.s.o.j.p.SpringPersistenceUnitInfo      : No LoadTimeWeaver setup: ignoring JPA class transformer
2025-02-24T12:51:19.140+05:30  INFO 19556 --- [AddressBookApp] [main] com.zaxxer.hikari.HikariDataSource       : HikariPool-1 - Starting...
2025-02-24T12:51:19.373+05:30  INFO 19556 --- [AddressBookApp] [main] com.zaxxer.hikari.pool.HikariPool        : HikariPool-1 - Added connection conn0: url=jdbc:h2:file:./data/testdb user=SA
2025-02-24T12:51:19.376+05:30  INFO 19556 --- [AddressBookApp] [main] com.zaxxer.hikari.HikariDataSource       : HikariPool-1 - Start completed.
2025-02-24T12:51:19.403+05:30  WARN 19556 --- [AddressBookApp] [main] org.hibernate.orm.deprecation            : HHH90000025: H2Dialect does not need to be specified explicitly using 'hibernate.dialect' (remove the property setting and it will be selected by default)
2025-02-24T12:51:19.424+05:30  INFO 19556 --- [AddressBookApp] [main] org.hibernate.orm.connections.pooling    : HHH10001005: Database info:
	Database JDBC URL [Connecting through datasource 'HikariDataSource (HikariPool-1)']
	Database driver: undefined/unknown
	Database version: 2.3.232
	Autocommit mode: undefined/unknown
	Isolation level: undefined/unknown
	Minimum pool size: undefined/unknown
	Maximum pool size: undefined/unknown
2025-02-24T12:51:20.080+05:30  INFO 19556 --- [AddressBookApp] [main] o.h.e.t.j.p.i.JtaPlatformInitiator       : HHH000489: No JTA platform available (set 'hibernate.transaction.jta.platform' to enable JTA platform integration)
2025-02-24T12:51:20.120+05:30  INFO 19556 --- [AddressBookApp] [main] j.LocalContainerEntityManagerFactoryBean : Initialized JPA EntityManagerFactory for persistence unit 'default'
2025-02-24T12:51:20.129+05:30  WARN 19556 --- [AddressBookApp] [main] ConfigServletWebServerApplicationContext : Exception encountered during context initialization - cancelling refresh attempt: org.springframework.beans.factory.BeanCreationException: Error creating bean with name 'addressBookController' defined in file [C:\Users\ASUS\Desktop\AddressBookApp\AddressBookApp\target\classes\com\addressbookapp\controller\AddressBookController.class]: null
2025-02-24T12:51:20.129+05:30  INFO 19556 --- [AddressBookApp] [main] j.LocalContainerEntityManagerFactoryBean : Closing JPA EntityManagerFactory for persistence unit 'default'
2025-02-24T12:51:20.131+05:30  INFO 19556 --- [AddressBookApp] [main] com.zaxxer.hikari.HikariDataSource       : HikariPool-1 - Shutdown initiated...
2025-02-24T12:51:20.138+05:30  INFO 19556 --- [AddressBookApp] [main] com.zaxxer.hikari.HikariDataSource       : HikariPool-1 - Shutdown completed.
2025-02-24T12:51:20.141+05:30  INFO 19556 --- [AddressBookApp] [main] o.apache.catalina.core.StandardService   : Stopping service [Tomcat]
2025-02-24T12:51:20.154+05:30  INFO 19556 --- [AddressBookApp] [main] .s.b.a.l.ConditionEvaluationReportLogger : 

Error starting ApplicationContext. To display the condition evaluation report re-run your application with 'debug' enabled.
2025-02-24T12:51:20.170+05:30 ERROR 19556 --- [AddressBookApp] [main] o.s.boot.SpringApplication               : Application run failed

org.springframework.beans.factory.BeanCreationException: Error creating bean with name 'addressBookController' defined in file [C:\Users\ASUS\Desktop\AddressBookApp\AddressBookApp\target\classes\com\addressbookapp\controller\AddressBookController.class]: null
	at org.springframework.beans.factory.support.AbstractAutowireCapableBeanFactory.instantiateBean(AbstractAutowireCapableBeanFactory.java:1343) ~[spring-beans-6.2.3.jar:6.2.3]
	at org.springframework.beans.factory.support.AbstractAutowireCapableBeanFactory.createBeanInstance(AbstractAutowireCapableBeanFactory.java:1228) ~[spring-beans-6.2.3.jar:6.2.3]
	at org.springframework.beans.factory.support.AbstractAutowireCapableBeanFactory.doCreateBean(AbstractAutowireCapableBeanFactory.java:563) ~[spring-beans-6.2.3.jar:6.2.3]
	at org.springframework.beans.factory.support.AbstractAutowireCapableBeanFactory.createBean(AbstractAutowireCapableBeanFactory.java:523) ~[spring-beans-6.2.3.jar:6.2.3]
	at org.springframework.beans.factory.support.AbstractBeanFactory.lambda$doGetBean$0(AbstractBeanFactory.java:339) ~[spring-beans-6.2.3.jar:6.2.3]
	at org.springframework.beans.factory.support.DefaultSingletonBeanRegistry.getSingleton(DefaultSingletonBeanRegistry.java:346) ~[spring-beans-6.2.3.jar:6.2.3]
	at org.springframework.beans.factory.support.AbstractBeanFactory.doGetBean(AbstractBeanFactory.java:337) ~[spring-beans-6.2.3.jar:6.2.3]
	at org.springframework.beans.factory.support.AbstractBeanFactory.getBean(AbstractBeanFactory.java:202) ~[spring-beans-6.2.3.jar:6.2.3]
	at org.springframework.beans.factory.support.DefaultListableBeanFactory.instantiateSingleton(DefaultListableBeanFactory.java:1155) ~[spring-beans-6.2.3.jar:6.2.3]
	at org.springframework.beans.factory.support.DefaultListableBeanFactory.preInstantiateSingleton(DefaultListableBeanFactory.java:1121) ~[spring-beans-6.2.3.jar:6.2.3]
	at org.springframework.beans.factory.support.DefaultListableBeanFactory.preInstantiateSingletons(DefaultListableBeanFactory.java:1056) ~[spring-beans-6.2.3.jar:6.2.3]
	at org.springframework.context.support.AbstractApplicationContext.finishBeanFactoryInitialization(AbstractApplicationContext.java:987) ~[spring-context-6.2.3.jar:6.2.3]
	at org.springframework.context.support.AbstractApplicationContext.refresh(AbstractApplicationContext.java:627) ~[spring-context-6.2.3.jar:6.2.3]
	at org.springframework.boot.web.servlet.context.ServletWebServerApplicationContext.refresh(ServletWebServerApplicationContext.java:146) ~[spring-boot-3.4.3.jar:3.4.3]
	at org.springframework.boot.SpringApplication.refresh(SpringApplication.java:752) ~[spring-boot-3.4.3.jar:3.4.3]
	at org.springframework.boot.SpringApplication.refreshContext(SpringApplication.java:439) ~[spring-boot-3.4.3.jar:3.4.3]
	at org.springframework.boot.SpringApplication.run(SpringApplication.java:318) ~[spring-boot-3.4.3.jar:3.4.3]
	at org.springframework.boot.SpringApplication.run(SpringApplication.java:1361) ~[spring-boot-3.4.3.jar:3.4.3]
	at org.springframework.boot.SpringApplication.run(SpringApplication.java:1350) ~[spring-boot-3.4.3.jar:3.4.3]
	at com.addressbookapp.AddressBookAppApplication.main(AddressBookAppApplication.java:10) ~[classes/:na]
Caused by: java.lang.ExceptionInInitializerError: null
	at java.base/jdk.internal.misc.Unsafe.ensureClassInitialized0(Native Method) ~[na:na]
	at java.base/jdk.internal.misc.Unsafe.ensureClassInitialized(Unsafe.java:1160) ~[na:na]
	at java.base/jdk.internal.reflect.MethodHandleAccessorFactory.ensureClassInitialized(MethodHandleAccessorFactory.java:300) ~[na:na]
	at java.base/jdk.internal.reflect.MethodHandleAccessorFactory.newConstructorAccessor(MethodHandleAccessorFactory.java:103) ~[na:na]
	at java.base/jdk.internal.reflect.ReflectionFactory.newConstructorAccessor(ReflectionFactory.java:200) ~[na:na]
	at java.base/java.lang.reflect.Constructor.acquireConstructorAccessor(Constructor.java:547) ~[na:na]
	at java.base/java.lang.reflect.Constructor.newInstanceWithCaller(Constructor.java:497) ~[na:na]
	at java.base/java.lang.reflect.Constructor.newInstance(Constructor.java:484) ~[na:na]
	at org.springframework.beans.BeanUtils.instantiateClass(BeanUtils.java:196) ~[spring-beans-6.2.3.jar:6.2.3]
	at org.springframework.beans.factory.support.SimpleInstantiationStrategy.instantiate(SimpleInstantiationStrategy.java:122) ~[spring-beans-6.2.3.jar:6.2.3]
	at org.springframework.beans.factory.support.AbstractAutowireCapableBeanFactory.instantiateBean(AbstractAutowireCapableBeanFactory.java:1337) ~[spring-beans-6.2.3.jar:6.2.3]
	... 19 common frames omitted
Caused by: java.lang.ClassCastException: class ch.qos.logback.classic.Logger cannot be cast to class java.util.logging.Logger (ch.qos.logback.classic.Logger is in unnamed module of loader 'app'; java.util.logging.Logger is in module java.logging of loader 'bootstrap')
	at com.addressbookapp.controller.AddressBookController.<clinit>(AddressBookController.java:16) ~[classes/:na]
	... 30 common frames omitted

2025-02-24T12:53:18.772+05:30  INFO 21496 --- [AddressBookApp] [main] c.a.AddressBookAppApplication            : Starting AddressBookAppApplication using Java 20.0.2 with PID 21496 (C:\Users\ASUS\Desktop\AddressBookApp\AddressBookApp\target\classes started by ASUS in C:\Users\ASUS\Desktop\AddressBookApp\AddressBookApp)
2025-02-24T12:53:18.774+05:30 DEBUG 21496 --- [AddressBookApp] [main] c.a.AddressBookAppApplication            : Running with Spring Boot v3.4.3, Spring v6.2.3
2025-02-24T12:53:18.775+05:30  INFO 21496 --- [AddressBookApp] [main] c.a.AddressBookAppApplication            : No active profile set, falling back to 1 default profile: "default"
2025-02-24T12:53:19.532+05:30  INFO 21496 --- [AddressBookApp] [main] .s.d.r.c.RepositoryConfigurationDelegate : Bootstrapping Spring Data JPA repositories in DEFAULT mode.
2025-02-24T12:53:19.603+05:30  INFO 21496 --- [AddressBookApp] [main] .s.d.r.c.RepositoryConfigurationDelegate : Finished Spring Data repository scanning in 59 ms. Found 1 JPA repository interface.
2025-02-24T12:53:20.173+05:30  INFO 21496 --- [AddressBookApp] [main] o.s.b.w.embedded.tomcat.TomcatWebServer  : Tomcat initialized with port 8080 (http)
2025-02-24T12:53:20.188+05:30  INFO 21496 --- [AddressBookApp] [main] o.apache.catalina.core.StandardService   : Starting service [Tomcat]
2025-02-24T12:53:20.188+05:30  INFO 21496 --- [AddressBookApp] [main] o.apache.catalina.core.StandardEngine    : Starting Servlet engine: [Apache Tomcat/10.1.36]
2025-02-24T12:53:20.282+05:30  INFO 21496 --- [AddressBookApp] [main] o.a.c.c.C.[Tomcat].[localhost].[/]       : Initializing Spring embedded WebApplicationContext
2025-02-24T12:53:20.282+05:30  INFO 21496 --- [AddressBookApp] [main] w.s.c.ServletWebServerApplicationContext : Root WebApplicationContext: initialization completed in 1443 ms
2025-02-24T12:53:20.563+05:30  INFO 21496 --- [AddressBookApp] [main] o.hibernate.jpa.internal.util.LogHelper  : HHH000204: Processing PersistenceUnitInfo [name: default]
2025-02-24T12:53:20.682+05:30  INFO 21496 --- [AddressBookApp] [main] org.hibernate.Version                    : HHH000412: Hibernate ORM core version 6.6.8.Final
2025-02-24T12:53:20.745+05:30  INFO 21496 --- [AddressBookApp] [main] o.h.c.internal.RegionFactoryInitiator    : HHH000026: Second-level cache disabled
2025-02-24T12:53:21.166+05:30  INFO 21496 --- [AddressBookApp] [main] o.s.o.j.p.SpringPersistenceUnitInfo      : No LoadTimeWeaver setup: ignoring JPA class transformer
2025-02-24T12:53:21.197+05:30  INFO 21496 --- [AddressBookApp] [main] com.zaxxer.hikari.HikariDataSource       : HikariPool-1 - Starting...
2025-02-24T12:53:21.432+05:30  INFO 21496 --- [AddressBookApp] [main] com.zaxxer.hikari.pool.HikariPool        : HikariPool-1 - Added connection conn0: url=jdbc:h2:file:./data/testdb user=SA
2025-02-24T12:53:21.434+05:30  INFO 21496 --- [AddressBookApp] [main] com.zaxxer.hikari.HikariDataSource       : HikariPool-1 - Start completed.
2025-02-24T12:53:21.459+05:30  WARN 21496 --- [AddressBookApp] [main] org.hibernate.orm.deprecation            : HHH90000025: H2Dialect does not need to be specified explicitly using 'hibernate.dialect' (remove the property setting and it will be selected by default)
2025-02-24T12:53:21.480+05:30  INFO 21496 --- [AddressBookApp] [main] org.hibernate.orm.connections.pooling    : HHH10001005: Database info:
	Database JDBC URL [Connecting through datasource 'HikariDataSource (HikariPool-1)']
	Database driver: undefined/unknown
	Database version: 2.3.232
	Autocommit mode: undefined/unknown
	Isolation level: undefined/unknown
	Minimum pool size: undefined/unknown
	Maximum pool size: undefined/unknown
2025-02-24T12:53:22.127+05:30  INFO 21496 --- [AddressBookApp] [main] o.h.e.t.j.p.i.JtaPlatformInitiator       : HHH000489: No JTA platform available (set 'hibernate.transaction.jta.platform' to enable JTA platform integration)
2025-02-24T12:53:22.164+05:30  INFO 21496 --- [AddressBookApp] [main] j.LocalContainerEntityManagerFactoryBean : Initialized JPA EntityManagerFactory for persistence unit 'default'
2025-02-24T12:53:22.439+05:30  WARN 21496 --- [AddressBookApp] [main] JpaBaseConfiguration$JpaWebConfiguration : spring.jpa.open-in-view is enabled by default. Therefore, database queries may be performed during view rendering. Explicitly configure spring.jpa.open-in-view to disable this warning
2025-02-24T12:53:22.763+05:30  INFO 21496 --- [AddressBookApp] [main] o.s.b.a.h2.H2ConsoleAutoConfiguration    : H2 console available at '/h2-console'. Database available at 'jdbc:h2:file:./data/testdb'
2025-02-24T12:53:22.845+05:30  INFO 21496 --- [AddressBookApp] [main] o.s.b.w.embedded.tomcat.TomcatWebServer  : Tomcat started on port 8080 (http) with context path '/'
2025-02-24T12:53:22.856+05:30  INFO 21496 --- [AddressBookApp] [main] c.a.AddressBookAppApplication            : Started AddressBookAppApplication in 4.65 seconds (process running for 5.137)
2025-02-24T12:54:09.415+05:30  INFO 21496 --- [AddressBookApp] [http-nio-8080-exec-1] o.a.c.c.C.[Tomcat].[localhost].[/]       : Initializing Spring DispatcherServlet 'dispatcherServlet'
2025-02-24T12:54:09.416+05:30  INFO 21496 --- [AddressBookApp] [http-nio-8080-exec-1] o.s.web.servlet.DispatcherServlet        : Initializing Servlet 'dispatcherServlet'
2025-02-24T12:54:09.418+05:30  INFO 21496 --- [AddressBookApp] [http-nio-8080-exec-1] o.s.web.servlet.DispatcherServlet        : Completed initialization in 2 ms
2025-02-24T12:54:09.483+05:30  INFO 21496 --- [AddressBookApp] [http-nio-8080-exec-1] c.a.controller.AddressBookController     : All address endpoint called 
2025-02-24T12:55:45.532+05:30  INFO 21496 --- [AddressBookApp] [SpringApplicationShutdownHook] o.s.b.w.e.tomcat.GracefulShutdown        : Commencing graceful shutdown. Waiting for active requests to complete
2025-02-24T12:55:45.614+05:30  INFO 21496 --- [AddressBookApp] [tomcat-shutdown] o.s.b.w.e.tomcat.GracefulShutdown        : Graceful shutdown complete
2025-02-24T12:55:45.616+05:30  INFO 21496 --- [AddressBookApp] [SpringApplicationShutdownHook] j.LocalContainerEntityManagerFactoryBean : Closing JPA EntityManagerFactory for persistence unit 'default'
2025-02-24T12:55:45.618+05:30  INFO 21496 --- [AddressBookApp] [SpringApplicationShutdownHook] com.zaxxer.hikari.HikariDataSource       : HikariPool-1 - Shutdown initiated...
2025-02-24T12:55:45.620+05:30  INFO 21496 --- [AddressBookApp] [SpringApplicationShutdownHook] com.zaxxer.hikari.HikariDataSource       : HikariPool-1 - Shutdown completed.
